<?xml version="1.0" encoding="UTF-8"?>
<testng-results skipped="0" failed="0" total="1" passed="1">
  <reporter-output>
  </reporter-output>
  <suite name="lesson2.PrimeNumber" duration-ms="21" started-at="2014-10-24T17:28:34Z" finished-at="2014-10-24T17:28:34Z">
    <groups>
    </groups>
    <test name="Command line test" duration-ms="21" started-at="2014-10-24T17:28:34Z" finished-at="2014-10-24T17:28:34Z">
      <class name="lesson2.PrimeNumber">
        <test-method status="PASS" signature="isPrimeTest()[pri:0, instance:lesson2.PrimeNumber@6b51ad98]" name="isPrimeTest" duration-ms="9" started-at="2014-10-24T20:28:34Z" finished-at="2014-10-24T20:28:34Z">
          <reporter-output>
          </reporter-output>
        </test-method> <!-- isPrimeTest -->
      </class> <!-- lesson2.PrimeNumber -->
    </test> <!-- Command line test -->
  </suite> <!-- lesson2.PrimeNumber -->
</testng-results>
